[debug] [2025-11-27T09:19:42.511Z] ----------------------------------------------------------------------
[debug] [2025-11-27T09:19:42.533Z] Command:       C:\Program Files\nodejs\node.exe C:\Users\USER\AppData\Roaming\npm\node_modules\firebase-tools\lib\bin\firebase.js init
[debug] [2025-11-27T09:19:42.533Z] CLI Version:   14.20.0
[debug] [2025-11-27T09:19:42.533Z] Platform:      win32
[debug] [2025-11-27T09:19:42.533Z] Node Version:  v24.8.0
[debug] [2025-11-27T09:19:42.534Z] Time:          Thu Nov 27 2025 15:19:42 GMT+0600 (Bangladesh Standard Time)
[debug] [2025-11-27T09:19:42.534Z] ----------------------------------------------------------------------
[debug] 
[debug] [2025-11-27T09:19:42.538Z] >>> [apiv2][query] GET https://firebase-public.firebaseio.com/cli.json [none]
[info] 
     ######## #### ########  ######## ########     ###     ######  ########
     ##        ##  ##     ## ##       ##     ##  ##   ##  ##       ##
     ######    ##  ########  ######   ########  #########  ######  ######
     ##        ##  ##    ##  ##       ##     ## ##     ##       ## ##
     ##       #### ##     ## ######## ########  ##     ##  ######  ########

You're about to initialize a Firebase project in this directory:

  G:\180 Days\Milestone - 11\Day_146_NextJS_Project_EJP\tutor client

[debug] [2025-11-27T09:19:43.399Z] <<< [apiv2][status] GET https://firebase-public.firebaseio.com/cli.json 200
[debug] [2025-11-27T09:19:43.400Z] <<< [apiv2][body] GET https://firebase-public.firebaseio.com/cli.json {"cloudBuildErrorAfter":1594252800000,"cloudBuildWarnAfter":1590019200000,"defaultNode10After":1594252800000,"minVersion":"3.0.5","node8DeploysDisabledAfter":1613390400000,"node8RuntimeDisabledAfter":1615809600000,"node8WarnAfter":1600128000000}
[info] 
=== Project Setup
[info] 
[info] First, let's associate this project directory with a Firebase project.
[info] You can create multiple project aliases by running firebase use --add, 
[info] 
[debug] [2025-11-27T09:22:53.441Z] > command requires scopes: ["email","openid","https://www.googleapis.com/auth/cloudplatformprojects.readonly","https://www.googleapis.com/auth/firebase","https://www.googleapis.com/auth/cloud-platform"]
[debug] [2025-11-27T09:22:53.470Z] > authorizing via signed-in user (hridoykumarsaha07@gmail.com)
[debug] [2025-11-27T09:22:53.519Z] Checked if tokens are valid: false, expires at: 1763031172171
[debug] [2025-11-27T09:22:53.520Z] Checked if tokens are valid: false, expires at: 1763031172171
[debug] [2025-11-27T09:22:53.525Z] > refreshing access token with scopes: []
[debug] [2025-11-27T09:22:53.582Z] >>> [apiv2][query] POST https://www.googleapis.com/oauth2/v3/token [none]
[debug] [2025-11-27T09:22:53.582Z] >>> [apiv2][body] POST https://www.googleapis.com/oauth2/v3/token [omitted]
[debug] [2025-11-27T09:22:54.087Z] <<< [apiv2][status] POST https://www.googleapis.com/oauth2/v3/token 200
[debug] [2025-11-27T09:22:54.089Z] <<< [apiv2][body] POST https://www.googleapis.com/oauth2/v3/token [omitted]
[debug] [2025-11-27T09:22:54.140Z] >>> [apiv2][query] GET https://firebase.googleapis.com/v1beta1/projects pageSize=100
[debug] [2025-11-27T09:22:54.964Z] <<< [apiv2][status] GET https://firebase.googleapis.com/v1beta1/projects 200
[debug] [2025-11-27T09:22:54.965Z] <<< [apiv2][body] GET https://firebase.googleapis.com/v1beta1/projects [omitted]
